16:04:59.782 [Test worker] INFO  manager.MyListener - Start searching element by By.xpath: //button[.='Sign Out']
16:05:09.810 [Test worker] INFO  manager.MyListener - The element with locator by By.xpath: //button[.='Sign Out'] is found successfully
16:05:09.814 [Test worker] INFO  manager.MyListener - Start searching element by By.xpath: //a[@href='/login']
16:05:09.843 [Test worker] INFO  manager.MyListener - The element with locator by By.xpath: //a[@href='/login'] is found successfully
16:05:09.910 [Test worker] INFO  tests.TestBase - regPositiveTest starts with: arc309@def.com & $Altcd12434
16:05:09.911 [Test worker] INFO  manager.MyListener - Start searching element by By.xpath: //input[]
16:05:09.963 [Test worker] INFO  manager.MyListener - Something went wrong!
16:05:09.963 [Test worker] INFO  manager.MyListener - invalid selector: Unable to locate an element with the xpath expression //input[] because of the following error:
SyntaxError: Failed to execute 'evaluate' on 'Document': The string '//input[]' is not a valid XPath expression.
  (Session info: chrome=111.0.5563.147)
For documentation on this error, please visit: https://www.seleniumhq.org/exceptions/invalid_selector_exception.html
Build info: version: '3.141.59', revision: 'e82be7d358', time: '2018-11-14T08:17:03'
System info: host: 'DESKTOP-670P0FC', ip: '192.168.1.15', os.name: 'Windows 10', os.arch: 'amd64', os.version: '10.0', java.version: '1.8.0_333'
Driver info: org.openqa.selenium.chrome.ChromeDriver
Capabilities {acceptInsecureCerts: false, browserName: chrome, browserVersion: 111.0.5563.147, chrome: {chromedriverVersion: 111.0.5563.64 (c710e93d5b63..., userDataDir: C:\Users\Max\AppData\Local\...}, goog:chromeOptions: {debuggerAddress: localhost:60892}, javascriptEnabled: true, networkConnectionEnabled: false, pageLoadStrategy: normal, platform: WINDOWS, platformName: WINDOWS, proxy: Proxy(), setWindowRect: true, strictFileInteractability: false, timeouts: {implicit: 0, pageLoad: 300000, script: 30000}, unhandledPromptBehavior: dismiss and notify, webauthn:extension:credBlob: true, webauthn:extension:largeBlob: true, webauthn:extension:minPinLength: true, webauthn:extension:prf: true, webauthn:virtualAuthenticators: true}
Session ID: 04e7cb2341a78172f513172c1ea2c376
*** Element info: {Using=xpath, value=//input[]}
16:05:09.964 [Test worker] INFO  manager.MyListener - invalid selector: Unable to locate an element with the xpath expression //input[] because of the following error:
SyntaxError: Failed to execute 'evaluate' on 'Document': The string '//input[]' is not a valid XPath expression.
  (Session info: chrome=111.0.5563.147)
For documentation on this error, please visit: https://www.seleniumhq.org/exceptions/invalid_selector_exception.html
Build info: version: '3.141.59', revision: 'e82be7d358', time: '2018-11-14T08:17:03'
System info: host: 'DESKTOP-670P0FC', ip: '192.168.1.15', os.name: 'Windows 10', os.arch: 'amd64', os.version: '10.0', java.version: '1.8.0_333'
Driver info: org.openqa.selenium.chrome.ChromeDriver
Capabilities {acceptInsecureCerts: false, browserName: chrome, browserVersion: 111.0.5563.147, chrome: {chromedriverVersion: 111.0.5563.64 (c710e93d5b63..., userDataDir: C:\Users\Max\AppData\Local\...}, goog:chromeOptions: {debuggerAddress: localhost:60892}, javascriptEnabled: true, networkConnectionEnabled: false, pageLoadStrategy: normal, platform: WINDOWS, platformName: WINDOWS, proxy: Proxy(), setWindowRect: true, strictFileInteractability: false, timeouts: {implicit: 0, pageLoad: 300000, script: 30000}, unhandledPromptBehavior: dismiss and notify, webauthn:extension:credBlob: true, webauthn:extension:largeBlob: true, webauthn:extension:minPinLength: true, webauthn:extension:prf: true, webauthn:virtualAuthenticators: true}
Session ID: 04e7cb2341a78172f513172c1ea2c376
*** Element info: {Using=xpath, value=//input[]}
16:05:10.355 [Test worker] INFO  manager.MyListener - Here is the link to screenshot with error: src/test/screenshots/screenshot-309.png
